<?xml version="1.0" encoding="UTF-8"?>
<testsuite name="me.herrlestrate.yandexintro.Parser.CustomParserTest" tests="2" skipped="0" failures="0" errors="0" timestamp="2019-05-30T22:25:40" hostname="LAPTOP-B5PTHC6F" time="0.183">
  <properties/>
  <testcase name="parseTo_FileNotFound" classname="me.herrlestrate.yandexintro.Parser.CustomParserTest" time="0.134"/>
  <testcase name="parseTo_Success" classname="me.herrlestrate.yandexintro.Parser.CustomParserTest" time="0.049"/>
  <system-out><![CDATA[19-05-31 01:25:40:919  INFO Test worker Parser.CustomParser:20 - CustomParser initialized with input: F:\IdeaProjects\YandexIntro\build\resources\test\FileNotFound\input1.txt
19-05-31 01:25:40:937 ERROR Test worker Parser.CustomParser:78 - key.value exists and not JSONObject!
19-05-31 01:25:40:938  INFO Test worker Parser.CustomParser:20 - CustomParser initialized with input: F:\IdeaProjects\YandexIntro\build\resources\test\FileNotFound\input10.txt
19-05-31 01:25:40:940 ERROR Test worker Parser.CustomParser:216 - String contains ".="
19-05-31 01:25:40:941 ERROR Test worker Parser.CustomParser:39 - String a.b.c.d.e.f.g.=12 not valid!
19-05-31 01:25:40:941  INFO Test worker Parser.CustomParser:20 - CustomParser initialized with input: F:\IdeaProjects\YandexIntro\build\resources\test\FileNotFound\input2.txt
19-05-31 01:25:40:943 ERROR Test worker Parser.CustomParser:196 - String not contains '='!
19-05-31 01:25:40:944 ERROR Test worker Parser.CustomParser:39 - String key.badkey not valid!
19-05-31 01:25:40:944  INFO Test worker Parser.CustomParser:20 - CustomParser initialized with input: F:\IdeaProjects\YandexIntro\build\resources\test\FileNotFound\input3.txt
19-05-31 01:25:40:946 ERROR Test worker Parser.CustomParser:201 - String contains more than 1 symbol '='!
19-05-31 01:25:40:946 ERROR Test worker Parser.CustomParser:39 - String key=1=2=3 not valid!
19-05-31 01:25:40:947  INFO Test worker Parser.CustomParser:20 - CustomParser initialized with input: F:\IdeaProjects\YandexIntro\build\resources\test\FileNotFound\input4.txt
19-05-31 01:25:40:949 ERROR Test worker Parser.CustomParser:206 - String contains ".."!
19-05-31 01:25:40:949 ERROR Test worker Parser.CustomParser:39 - String key..subkey2=5 not valid!
19-05-31 01:25:40:950  INFO Test worker Parser.CustomParser:20 - CustomParser initialized with input: F:\IdeaProjects\YandexIntro\build\resources\test\FileNotFound\input5.txt
19-05-31 01:25:40:951 ERROR Test worker Parser.CustomParser:51 - Error while convert abcd to Integer: For input string: "abcd" 
19-05-31 01:25:40:953  INFO Test worker Parser.CustomParser:20 - CustomParser initialized with input: F:\IdeaProjects\YandexIntro\build\resources\test\FileNotFound\input6.txt
19-05-31 01:25:40:954 ERROR Test worker Parser.CustomParser:39 - String first\=12 not valid!
19-05-31 01:25:40:955  INFO Test worker Parser.CustomParser:20 - CustomParser initialized with input: F:\IdeaProjects\YandexIntro\build\resources\test\FileNotFound\input7.txt
19-05-31 01:25:40:956 ERROR Test worker Parser.CustomParser:211 - First symbol not in a-zA-Z!
19-05-31 01:25:40:956 ERROR Test worker Parser.CustomParser:39 - String .abc=123 not valid!
19-05-31 01:25:40:957  INFO Test worker Parser.CustomParser:20 - CustomParser initialized with input: F:\IdeaProjects\YandexIntro\build\resources\test\FileNotFound\input8.txt
19-05-31 01:25:40:958 ERROR Test worker Parser.CustomParser:211 - First symbol not in a-zA-Z!
19-05-31 01:25:40:958 ERROR Test worker Parser.CustomParser:39 - String =12 not valid!
19-05-31 01:25:40:958  INFO Test worker Parser.CustomParser:20 - CustomParser initialized with input: F:\IdeaProjects\YandexIntro\build\resources\test\FileNotFound\input9.txt
19-05-31 01:25:40:960 ERROR Test worker Parser.CustomParser:51 - Error while convert 3. to Integer: For input string: "3." 
19-05-31 01:25:40:963  INFO Test worker Parser.CustomParser:20 - CustomParser initialized with input: F:\IdeaProjects\YandexIntro\build\resources\test\Success_Input\input1.txt
19-05-31 01:25:40:969  INFO Test worker Parser.CustomParser:151 - Done!
19-05-31 01:25:40:976  INFO Test worker Parser.CustomParser:20 - CustomParser initialized with input: F:\IdeaProjects\YandexIntro\build\resources\test\Success_Input\input2.txt
19-05-31 01:25:40:979  INFO Test worker Parser.CustomParser:151 - Done!
19-05-31 01:25:40:983  INFO Test worker Parser.CustomParser:20 - CustomParser initialized with input: F:\IdeaProjects\YandexIntro\build\resources\test\Success_Input\input3.txt
19-05-31 01:25:40:986  INFO Test worker Parser.CustomParser:151 - Done!
19-05-31 01:25:40:991  INFO Test worker Parser.CustomParser:20 - CustomParser initialized with input: F:\IdeaProjects\YandexIntro\build\resources\test\Success_Input\input4.txt
19-05-31 01:25:40:998  INFO Test worker Parser.CustomParser:151 - Done!
19-05-31 01:25:41:003  INFO Test worker Parser.CustomParser:20 - CustomParser initialized with input: F:\IdeaProjects\YandexIntro\build\resources\test\Success_Input\input5.txt
19-05-31 01:25:41:007  INFO Test worker Parser.CustomParser:151 - Done!
]]></system-out>
  <system-err><![CDATA[]]></system-err>
</testsuite>
